<?xml version="1.0" encoding="UTF-8"?>
<!-- Generated by org.testng.reporters.JUnitXMLReporter -->
<testsuite hostname="DESKTOP-AQTF0EL" ignored="6" name="Actions Items Add to Cart And Add To Wish List And Add To Compare" tests="4" failures="0" timestamp="29 Sep 2022 12:40:53 GMT" time="31.469" errors="0">
  <testcase name="AddToCart" time="8.893" classname="ActionOnItemTests.AddToCartTest"/>
  <testcase name="AddToCompare" time="4.66" classname="ActionOnItemTests.AddToCompareTest"/>
  <testcase name="AddToWishList" time="6.113" classname="ActionOnItemTests.AddToWishListTest"/>
  <testcase name="EmailFriend" time="11.789" classname="ActionOnItemTests.EmailFriendTest"/>
  <testcase name="@BeforeSuite startDriver" time="0.0" classname="tests.TestBase">
    <ignored/>
  </testcase> <!-- @BeforeSuite startDriver -->
  <testcase name="@BeforeSuite startDriver" time="0.0" classname="tests.TestBase">
    <ignored/>
  </testcase> <!-- @BeforeSuite startDriver -->
  <testcase name="@BeforeSuite startDriver" time="0.0" classname="tests.TestBase">
    <ignored/>
  </testcase> <!-- @BeforeSuite startDriver -->
  <testcase name="@AfterSuite closeDriver" time="0.0" classname="tests.TestBase">
    <ignored/>
  </testcase> <!-- @AfterSuite closeDriver -->
  <testcase name="@AfterSuite closeDriver" time="0.0" classname="tests.TestBase">
    <ignored/>
  </testcase> <!-- @AfterSuite closeDriver -->
  <testcase name="@AfterSuite closeDriver" time="0.0" classname="tests.TestBase">
    <ignored/>
  </testcase> <!-- @AfterSuite closeDriver -->
</testsuite> <!-- Actions Items Add to Cart And Add To Wish List And Add To Compare -->
